[debug] [2026-01-18T11:51:43.029Z] ----------------------------------------------------------------------
[debug] [2026-01-18T11:51:43.030Z] Command:       C:\Program Files\nodejs\node.exe C:\Users\moheb\AppData\Roaming\npm\node_modules\firebase-tools\lib\bin\firebase.js init hosting
[debug] [2026-01-18T11:51:43.031Z] CLI Version:   15.2.1
[debug] [2026-01-18T11:51:43.031Z] Platform:      win32
[debug] [2026-01-18T11:51:43.031Z] Node Version:  v22.12.0
[debug] [2026-01-18T11:51:43.031Z] Time:          Sun Jan 18 2026 22:51:43 GMT+1100 (Australian Eastern Daylight Time)
[debug] [2026-01-18T11:51:43.031Z] ----------------------------------------------------------------------
[debug] 
[info] 
     ######## #### ########  ######## ########     ###     ######  ########
     ##        ##  ##     ## ##       ##     ##  ##   ##  ##       ##
     ######    ##  ########  ######   ########  #########  ######  ######
     ##        ##  ##    ##  ##       ##     ## ##     ##       ## ##
     ##       #### ##     ## ######## ########  ##     ##  ######  ########

You're about to initialize a Firebase project in this directory:

  C:\Users\moheb\Desktop\complete project\classy-colours

[info] 
=== Project Setup
[info] 
[info] First, let's associate this project directory with a Firebase project.
[info] You can create multiple project aliases by running firebase use --add, 
[info] 
[debug] [2026-01-18T11:51:47.672Z] > command requires scopes: ["email","openid","https://www.googleapis.com/auth/cloudplatformprojects.readonly","https://www.googleapis.com/auth/firebase","https://www.googleapis.com/auth/cloud-platform"]
[debug] [2026-01-18T11:51:47.672Z] > authorizing via signed-in user (mohebullah2015@gmail.com)
[debug] [2026-01-18T11:51:47.673Z] Checked if tokens are valid: true, expires at: 1768739450760
[debug] [2026-01-18T11:51:47.673Z] Checked if tokens are valid: true, expires at: 1768739450760
[debug] [2026-01-18T11:51:47.674Z] >>> [apiv2][query] GET https://firebase.googleapis.com/v1beta1/projects/classy-colour [none]
[debug] [2026-01-18T11:51:48.233Z] <<< [apiv2][status] GET https://firebase.googleapis.com/v1beta1/projects/classy-colour 200
[debug] [2026-01-18T11:51:48.233Z] <<< [apiv2][body] GET https://firebase.googleapis.com/v1beta1/projects/classy-colour {"projectId":"classy-colour","projectNumber":"620820219548","displayName":"classy-colour","name":"projects/classy-colour","resources":{"hostingSite":"classy-colour"},"state":"ACTIVE","etag":"1_f59b42a6-e410-48d7-8e75-dfde9b0a9778"}
[info] i  Using project classy-colour (classy-colour) . 
[info] 
=== Hosting Setup
[debug] [2026-01-18T11:51:48.249Z] Checked if tokens are valid: true, expires at: 1768739450760
[debug] [2026-01-18T11:51:48.249Z] Checked if tokens are valid: true, expires at: 1768739450760
[debug] [2026-01-18T11:51:48.249Z] >>> [apiv2][query] GET https://firebase.googleapis.com/v1beta1/projects/classy-colour [none]
[debug] [2026-01-18T11:51:48.624Z] <<< [apiv2][status] GET https://firebase.googleapis.com/v1beta1/projects/classy-colour 200
[debug] [2026-01-18T11:51:48.625Z] <<< [apiv2][body] GET https://firebase.googleapis.com/v1beta1/projects/classy-colour {"projectId":"classy-colour","projectNumber":"620820219548","displayName":"classy-colour","name":"projects/classy-colour","resources":{"hostingSite":"classy-colour"},"state":"ACTIVE","etag":"1_f59b42a6-e410-48d7-8e75-dfde9b0a9778"}
[info] 
[info] Your public directory is the folder (relative to your project directory) that
[info] will contain Hosting assets to be uploaded with firebase deploy. If you
[info] have a build process for your assets, use your build's output directory.
[info] 
[debug] [2026-01-18T11:52:05.681Z] ExitPromptError: User force closed the prompt with SIGINT
    at Interface.sigint (C:\Users\moheb\AppData\Roaming\npm\node_modules\firebase-tools\node_modules\@inquirer\core\dist\commonjs\lib\create-prompt.js:101:37)
    at Interface.emit (node:events:524:28)
    at [_ttyWrite] [as _ttyWrite] (node:internal/readline/interface:1124:18)
    at ReadStream.onkeypress (node:internal/readline/interface:263:20)
    at ReadStream.emit (node:events:536:35)
    at emitKeys (node:internal/readline/utils:370:14)
    at emitKeys.next (<anonymous>)
    at ReadStream.onData (node:internal/readline/emitKeypressEvents:64:36)
    at ReadStream.emit (node:events:524:28)
    at addChunk (node:internal/streams/readable:561:12)
[error] 
[error] Error: An unexpected error has occurred.
